[Thu Aug 17 12:55:00.646634 2023] [mpm_winnt:notice] [pid 19252:tid 204] AH00455: Apache/2.4.57 (Win64) mod_log_rotate/1.02 mod_fcgid/2.3.10-dev configured -- resuming normal operations
[Thu Aug 17 12:55:00.646634 2023] [mpm_winnt:notice] [pid 19252:tid 204] AH00456: Apache Lounge VS17 Server built: Aug  2 2023 17:28:16
[Thu Aug 17 12:55:00.647640 2023] [core:notice] [pid 19252:tid 204] AH00094: Command line: 'httpd -d D:/server/bin/apache/httpd-2.4.57-win64-VS17'
[Thu Aug 17 12:55:00.653637 2023] [mpm_winnt:notice] [pid 19252:tid 204] AH00418: Parent: Created child process 6900
Apache server interrupted...
023] [mpm_winnt:notice] [pid 6900:tid 364] AH00354: Child: Starting 64 worker threads.
[Thu Aug 17 12:55:15.791034 2023] [mpm_winnt:notice] [pid 19252:tid 204] AH00422: Parent: Received shutdown signal -- Shutting down the server.
Apache server interrupted...
Apache server interrupted...
Apache server interrupted...
Apache server interrupted...
Apache server interrupted...
Apache server interrupted...
Apache server interrupted...
Apache server interrupted...
Apache server interrupted...
Apache server interrupted...
Apache server interrupted...
Apache server interrupted...
Apache server interrupted...
Apache server interrupted...
Apache server interrupted...
Apache server interrupted...
Apache server interrupted...
Apache server interrupted...
Apache server interrupted...
Apache server interrupted...
[Thu Aug 17 12:55:45.792126 2023] [mpm_winnt:notice] [pid 19252:tid 204] AH00431: Parent: Forcing termination of child process 6900
[Thu Aug 17 12:57:43.342675 2023] [mpm_winnt:notice] [pid 26040:tid 200] AH00455: Apache/2.4.57 (Win64) mod_log_rotate/1.02 mod_fcgid/2.3.10-dev configured -- resuming normal operations
[Thu Aug 17 12:57:43.342675 2023] [mpm_winnt:notice] [pid 26040:tid 200] AH00456: Apache Lounge VS17 Server built: Aug  2 2023 17:28:16
[Thu Aug 17 12:57:43.342675 2023] [core:notice] [pid 26040:tid 200] AH00094: Command line: 'httpd -d D:/server/bin/apache/httpd-2.4.57-win64-VS17'
[Thu Aug 17 12:57:43.347678 2023] [mpm_winnt:notice] [pid 26040:tid 200] AH00418: Parent: Created child process 24932
Apache server interrupted...
023] [mpm_winnt:notice] [pid 24932:tid 336] AH00354: Child: Starting 64 worker threads.
[Thu Aug 17 12:57:55.613327 2023] [mpm_winnt:notice] [pid 26040:tid 200] AH00422: Parent: Received shutdown signal -- Shutting down the server.
Apache server interrupted...
Apache server interrupted...
Apache server interrupted...
Apache server interrupted...
Apache server interrupted...
Apache server interrupted...
Apache server interrupted...
Apache server interrupted...
Apache server interrupted...
Apache server interrupted...
Apache server interrupted...
Apache server interrupted...
Apache server interrupted...
Apache server interrupted...
Apache server interrupted...
Apache server interrupted...
Apache server interrupted...
Apache server interrupted...
[Thu Aug 17 12:58:25.623041 2023] [mpm_winnt:notice] [pid 26040:tid 200] AH00431: Parent: Forcing termination of child process 24932
